  Source.cpp
C:\Папки со стола\Учеба\ООП\Tetris\Tetris\Tetris\Source.cpp(180,3): warning C4566: символ, представленный универсальным именем символа "\u2588", невозможно представить в текущей кодовой странице (1251)
C:\Папки со стола\Учеба\ООП\Tetris\Tetris\Tetris\Source.cpp(180,3): warning C4566: символ, представленный универсальным именем символа "\u2557", невозможно представить в текущей кодовой странице (1251)
C:\Папки со стола\Учеба\ООП\Tetris\Tetris\Tetris\Source.cpp(180,3): warning C4566: символ, представленный универсальным именем символа "\u2591", невозможно представить в текущей кодовой странице (1251)
C:\Папки со стола\Учеба\ООП\Tetris\Tetris\Tetris\Source.cpp(181,3): warning C4566: символ, представленный универсальным именем символа "\u2588", невозможно представить в текущей кодовой странице (1251)
C:\Папки со стола\Учеба\ООП\Tetris\Tetris\Tetris\Source.cpp(181,3): warning C4566: символ, представленный универсальным именем символа "\u2557", невозможно представить в текущей кодовой странице (1251)
C:\Папки со стола\Учеба\ООП\Tetris\Tetris\Tetris\Source.cpp(181,3): warning C4566: символ, представленный универсальным именем символа "\u2591", невозможно представить в текущей кодовой странице (1251)
C:\Папки со стола\Учеба\ООП\Tetris\Tetris\Tetris\Source.cpp(181,3): warning C4566: символ, представленный универсальным именем символа "\u2551", невозможно представить в текущей кодовой странице (1251)
C:\Папки со стола\Учеба\ООП\Tetris\Tetris\Tetris\Source.cpp(181,3): warning C4566: символ, представленный универсальным именем символа "\u2554", невозможно представить в текущей кодовой странице (1251)
C:\Папки со стола\Учеба\ООП\Tetris\Tetris\Tetris\Source.cpp(181,3): warning C4566: символ, представленный универсальным именем символа "\u2550", невозможно представить в текущей кодовой странице (1251)
C:\Папки со стола\Учеба\ООП\Tetris\Tetris\Tetris\Source.cpp(181,3): warning C4566: символ, представленный универсальным именем символа "\u255D", невозможно представить в текущей кодовой странице (1251)
C:\Папки со стола\Учеба\ООП\Tetris\Tetris\Tetris\Source.cpp(182,3): warning C4566: символ, представленный универсальным именем символа "\u2588", невозможно представить в текущей кодовой странице (1251)
C:\Папки со стола\Учеба\ООП\Tetris\Tetris\Tetris\Source.cpp(182,3): warning C4566: символ, представленный универсальным именем символа "\u2554", невозможно представить в текущей кодовой странице (1251)
C:\Папки со стола\Учеба\ООП\Tetris\Tetris\Tetris\Source.cpp(182,3): warning C4566: символ, представленный универсальным именем символа "\u2551", невозможно представить в текущей кодовой странице (1251)
C:\Папки со стола\Учеба\ООП\Tetris\Tetris\Tetris\Source.cpp(182,3): warning C4566: символ, представленный универсальным именем символа "\u2557", невозможно представить в текущей кодовой странице (1251)
C:\Папки со стола\Учеба\ООП\Tetris\Tetris\Tetris\Source.cpp(182,3): warning C4566: символ, представленный универсальным именем символа "\u2591", невозможно представить в текущей кодовой странице (1251)
C:\Папки со стола\Учеба\ООП\Tetris\Tetris\Tetris\Source.cpp(183,3): warning C4566: символ, представленный универсальным именем символа "\u2588", невозможно представить в текущей кодовой странице (1251)
C:\Папки со стола\Учеба\ООП\Tetris\Tetris\Tetris\Source.cpp(183,3): warning C4566: символ, представленный универсальным именем символа "\u2551", невозможно представить в текущей кодовой странице (1251)
C:\Папки со стола\Учеба\ООП\Tetris\Tetris\Tetris\Source.cpp(183,3): warning C4566: символ, представленный универсальным именем символа "\u255A", невозможно представить в текущей кодовой странице (1251)
C:\Папки со стола\Учеба\ООП\Tetris\Tetris\Tetris\Source.cpp(183,3): warning C4566: символ, представленный универсальным именем символа "\u2554", невозможно представить в текущей кодовой странице (1251)
C:\Папки со стола\Учеба\ООП\Tetris\Tetris\Tetris\Source.cpp(183,3): warning C4566: символ, представленный универсальным именем символа "\u255D", невозможно представить в текущей кодовой странице (1251)
C:\Папки со стола\Учеба\ООП\Tetris\Tetris\Tetris\Source.cpp(183,3): warning C4566: символ, представленный универсальным именем символа "\u2550", невозможно представить в текущей кодовой странице (1251)
C:\Папки со стола\Учеба\ООП\Tetris\Tetris\Tetris\Source.cpp(183,3): warning C4566: символ, представленный универсальным именем символа "\u2591", невозможно представить в текущей кодовой странице (1251)
C:\Папки со стола\Учеба\ООП\Tetris\Tetris\Tetris\Source.cpp(184,3): warning C4566: символ, представленный универсальным именем символа "\u2588", невозможно представить в текущей кодовой странице (1251)
C:\Папки со стола\Учеба\ООП\Tetris\Tetris\Tetris\Source.cpp(184,3): warning C4566: символ, представленный универсальным именем символа "\u2551", невозможно представить в текущей кодовой странице (1251)
C:\Папки со стола\Учеба\ООП\Tetris\Tetris\Tetris\Source.cpp(184,3): warning C4566: символ, представленный универсальным именем символа "\u2591", невозможно представить в текущей кодовой странице (1251)
C:\Папки со стола\Учеба\ООП\Tetris\Tetris\Tetris\Source.cpp(184,3): warning C4566: символ, представленный универсальным именем символа "\u255A", невозможно представить в текущей кодовой странице (1251)
C:\Папки со стола\Учеба\ООП\Tetris\Tetris\Tetris\Source.cpp(184,3): warning C4566: символ, представленный универсальным именем символа "\u2550", невозможно представить в текущей кодовой странице (1251)
C:\Папки со стола\Учеба\ООП\Tetris\Tetris\Tetris\Source.cpp(184,3): warning C4566: символ, представленный универсальным именем символа "\u255D", невозможно представить в текущей кодовой странице (1251)
C:\Папки со стола\Учеба\ООП\Tetris\Tetris\Tetris\Source.cpp(184,3): warning C4566: символ, представленный универсальным именем символа "\u2557", невозможно представить в текущей кодовой странице (1251)
C:\Папки со стола\Учеба\ООП\Tetris\Tetris\Tetris\Source.cpp(184,3): warning C4566: символ, представленный универсальным именем символа "\u2554", невозможно представить в текущей кодовой странице (1251)
C:\Папки со стола\Учеба\ООП\Tetris\Tetris\Tetris\Source.cpp(185,3): warning C4566: символ, представленный универсальным именем символа "\u255A", невозможно представить в текущей кодовой странице (1251)
C:\Папки со стола\Учеба\ООП\Tetris\Tetris\Tetris\Source.cpp(185,3): warning C4566: символ, представленный универсальным именем символа "\u2550", невозможно представить в текущей кодовой странице (1251)
C:\Папки со стола\Учеба\ООП\Tetris\Tetris\Tetris\Source.cpp(185,3): warning C4566: символ, представленный универсальным именем символа "\u255D", невозможно представить в текущей кодовой странице (1251)
C:\Папки со стола\Учеба\ООП\Tetris\Tetris\Tetris\Source.cpp(185,3): warning C4566: символ, представленный универсальным именем символа "\u2591", невозможно представить в текущей кодовой странице (1251)
C:\Папки со стола\Учеба\ООП\Tetris\Tetris\Tetris\Source.cpp(321,10): warning C4101: s: неиспользованная локальная переменная
C:\Папки со стола\Учеба\ООП\Tetris\Tetris\Tetris\Source.cpp(374,10): warning C4101: j: неиспользованная локальная переменная
C:\Папки со стола\Учеба\ООП\Tetris\Tetris\Tetris\Source.cpp(527,10): warning C4101: Ti: неиспользованная локальная переменная
C:\Папки со стола\Учеба\ООП\Tetris\Tetris\Tetris\Source.cpp(525,8): warning C4101: print: неиспользованная локальная переменная
C:\Папки со стола\Учеба\ООП\Tetris\Tetris\Tetris\Source.cpp(606,1): warning C4326: возвращаемый тип "main" должен быть "int", а не "void"
  Tetris.vcxproj -> C:\Папки со стола\Учеба\ООП\Tetris\Tetris\Debug\Tetris.exe
